<?xml version="1.0" encoding="UTF-8"?>
<!-- Generated by org.testng.reporters.JUnitReportReporter -->
<testsuite hostname="DESKTOP-40S0D8O" name="testcases.TestLoginPageFactory" tests="1" failures="0" timestamp="10 Jul 2016 09:12:06 GMT" time="2.265" errors="0">
  <testcase name="test_HomePage" time="2.265" classname="testcases.TestLoginPageFactory"/>
</testsuite> <!-- testcases.TestLoginPageFactory -->
