<?xml version="1.0" encoding="UTF-8"?>
<!-- Generated by org.testng.reporters.JUnitReportReporter -->
<testsuite hostname="DESKTOP-40S0D8O" name="testcases.TestLogin" tests="1" failures="0" timestamp="10 Jul 2016 08:27:40 GMT" time="2.506" errors="0">
  <testcase name="test_HomePage" time="2.506" classname="testcases.TestLogin"/>
</testsuite> <!-- testcases.TestLogin -->
